2025-06-16 18:00:22,222 [__main__                           ] [INFO    ] Starting training process...
2025-06-16 18:00:22,222 [__main__                           ] [INFO    ] Using device: cpu
2025-06-16 18:00:22,223 [__main__                           ] [INFO    ] Initializing model and optimizer...
2025-06-16 18:00:23,389 [__main__                           ] [WARNING ] No checkpoints found. Starting training from scratch.
2025-06-16 18:00:23,389 [hyperion_nn.data_utils.dataset     ] [INFO    ] Offsets file C:\Users\thedu\OneDrive\Desktop\C++\hyperion-ce\Hyperion\data\processed\games-2024.csv-offsets.pkl does not exist. Recalculating offsets...
2025-06-16 18:00:23,389 [hyperion_nn.data_utils.dataset     ] [INFO    ] Calculating offsets...
2025-06-16 18:00:45,009 [hyperion_nn.data_utils.dataset     ] [INFO    ] Calculated 177823764 offsets successfully.
2025-06-16 18:00:49,701 [hyperion_nn.data_utils.dataset     ] [INFO    ] Offsets saved to C:\Users\thedu\OneDrive\Desktop\C++\hyperion-ce\Hyperion\data\processed\games-2024.csv-offsets.pkl successfully.
2025-06-16 18:04:54,265 [__main__                           ] [INFO    ] Starting training loop at step 0...
2025-06-16 18:08:25,996 [__main__            ] [INFO    ] Starting training process...
2025-06-16 18:08:25,998 [__main__            ] [INFO    ] Using device: cpu
2025-06-16 18:08:25,998 [__main__            ] [INFO    ] Initializing model and optimizer...
2025-06-16 18:08:27,095 [__main__            ] [WARNING ] No checkpoints found. Starting training from scratch.
2025-06-16 18:08:27,096 [hyperion_nn.data_utils.dataset] [INFO    ] Loading offsets from C:\Users\thedu\OneDrive\Desktop\C++\hyperion-ce\Hyperion\data\processed\games-2024.csv-offsets.pkl...
2025-06-16 18:08:32,952 [hyperion_nn.data_utils.dataset] [INFO    ] Loaded 177823764 total offsets successfully.
2025-06-16 18:11:11,459 [__main__            ] [INFO    ] Starting training loop at step 0...
2025-06-16 22:06:00,617 [__main__            ] [INFO    ] Starting training process...
2025-06-16 22:06:00,618 [__main__            ] [INFO    ] Using device: cpu
2025-06-16 22:06:00,618 [__main__            ] [INFO    ] Initializing model and optimizer...
2025-06-16 22:06:01,613 [__main__            ] [WARNING ] No checkpoints found. Starting training from scratch.
2025-06-16 22:06:01,615 [hyperion_nn.data_utils.dataset] [INFO    ] Loading offsets from C:\Users\thedu\OneDrive\Desktop\C++\hyperion-ce\Hyperion\data\processed\games-2024.csv-offsets.pkl...
2025-06-16 22:06:08,270 [hyperion_nn.data_utils.dataset] [INFO    ] Loaded 177823764 total offsets successfully.
2025-06-16 22:08:32,835 [__main__            ] [INFO    ] Starting training loop at step 0...
2025-06-16 22:15:48,325 [__main__                      ] [INFO    ] Starting training process...
2025-06-16 22:15:48,325 [__main__                      ] [INFO    ] Using device: cpu
2025-06-16 22:15:48,325 [__main__                      ] [INFO    ] Initializing model and optimizer...
2025-06-16 22:15:49,445 [__main__                      ] [WARNING ] No checkpoints found. Starting training from scratch.
2025-06-16 22:15:49,445 [hyperion_nn.data_utils.dataset] [INFO    ] Loading offsets from C:\Users\thedu\OneDrive\Desktop\C++\hyperion-ce\Hyperion\data\processed\games-2024.csv-offsets.pkl...
2025-06-16 22:15:56,094 [hyperion_nn.data_utils.dataset] [INFO    ] Loaded 177823764 total offsets successfully.
2025-06-16 22:18:43,969 [__main__                      ] [INFO    ] Starting training loop at step 0...
2025-06-16 22:18:44,015 [hyperion_nn.data_utils.dataset] [ERROR   ] Policy index 4641 out of bounds for UCI move h8g8 in FEN 3r1b1k/3r1p2/2p1pp1p/6q1/1pNPP3/1P1R1QPP/5P2/3R2K1 b - - 0 28 at sample 18438118.
2025-06-16 22:24:32,722 [__main__                      ] [INFO    ] Starting training process...
2025-06-16 22:24:32,722 [__main__                      ] [INFO    ] Using device: cpu
2025-06-16 22:24:32,723 [__main__                      ] [INFO    ] Initializing model and optimizer...
2025-06-16 22:24:33,761 [__main__                      ] [WARNING ] No checkpoints found. Starting training from scratch.
2025-06-16 22:24:33,762 [hyperion_nn.data_utils.dataset] [INFO    ] Loading offsets from C:\Users\thedu\OneDrive\Desktop\C++\hyperion-ce\Hyperion\data\processed\games-2024.csv-offsets.pkl...
2025-06-16 22:24:39,897 [hyperion_nn.data_utils.dataset] [INFO    ] Loaded 177823764 total offsets successfully.
2025-06-16 22:28:35,906 [__main__                      ] [INFO    ] Starting training loop at step 0...
